proguard/seeds.txt
com.riotapps.words.About
com.riotapps.words.About: About()
com.riotapps.words.About: void onCreate(android.os.Bundle)
com.riotapps.words.About: void loadViews()
com.riotapps.words.About: void onClick(android.view.View)
com.riotapps.words.About: void setupFonts()
com.riotapps.words.BuildConfig
com.riotapps.words.BuildConfig: boolean DEBUG
com.riotapps.words.BuildConfig: BuildConfig()
com.riotapps.words.CompletedGames
com.riotapps.words.CompletedGames: CompletedGames()
com.riotapps.words.CompletedGames: void onCreate(android.os.Bundle)
com.riotapps.words.FullRules
com.riotapps.words.FullRules: FullRules()
com.riotapps.words.FullRules: void onCreate(android.os.Bundle)
com.riotapps.words.GameHistory
com.riotapps.words.GameHistory: GameHistory()
com.riotapps.words.GameHistory: void onCreate(android.os.Bundle)
com.riotapps.words.GameLookup
com.riotapps.words.GameLookup: GameLookup()
com.riotapps.words.GameLookup: void onCreate(android.os.Bundle)
com.riotapps.words.GameSurface
com.riotapps.words.GameSurface: GameSurface()
com.riotapps.words.GameSurface: void onCreate(android.os.Bundle)
com.riotapps.words.Main
com.riotapps.words.Main: Main()
com.riotapps.words.Main: void onCreate(android.os.Bundle)
com.riotapps.words.R
com.riotapps.words.R: R()
com.riotapps.words.R$array
com.riotapps.words.R$array: int alphabet_consonants
com.riotapps.words.R$array: int alphabet_spread
com.riotapps.words.R$array: int alphabet_vowels
com.riotapps.words.R$array: R$array()
com.riotapps.words.R$attr
com.riotapps.words.R$attr: int typeface
com.riotapps.words.R$attr: R$attr()
com.riotapps.words.R$bool
com.riotapps.words.R$bool: int ga_autoActivityTracking
com.riotapps.words.R$bool: int ga_reportUncaughtExceptions
com.riotapps.words.R$bool: int isTablet
com.riotapps.words.R$bool: R$bool()
com.riotapps.words.R$color
com.riotapps.words.R$color: int alert_background_color
com.riotapps.words.R$color: int alert_text_button_color
com.riotapps.words.R$color: int button_area_background
com.riotapps.words.R$color: int button_area_background_color
com.riotapps.words.R$color: int button_text_color
com.riotapps.words.R$color: int button_text_color_off
com.riotapps.words.R$color: int button_text_color_on
com.riotapps.words.R$color: int content_area_background_color
com.riotapps.words.R$color: int content_area_background_pressed_color
com.riotapps.words.R$color: int content_area_font_color
com.riotapps.words.R$color: int content_font_color
com.riotapps.words.R$color: int dialog_background_color
com.riotapps.words.R$color: int field_background
com.riotapps.words.R$color: int field_button_text_color
com.riotapps.words.R$color: int form_background_color
com.riotapps.words.R$color: int form_border_color
com.riotapps.words.R$color: int form_header_background_color
com.riotapps.words.R$color: int form_header_sub_text_color
com.riotapps.words.R$color: int form_header_text_color
com.riotapps.words.R$color: int game_board_board_last_played_tile_letter
com.riotapps.words.R$color: int game_board_board_last_played_tile_value
com.riotapps.words.R$color: int game_board_board_tile_letter
com.riotapps.words.R$color: int game_board_board_tile_value
com.riotapps.words.R$color: int game_board_bonus_text
com.riotapps.words.R$color: int game_board_dragging_tile_letter
...
com.riotapps.wordbase.utils.Enums$ResponseHandlerType
com.riotapps.wordbase.utils.Enums$ResponseHandlerType: com.riotapps.wordbase.utils.Enums$ResponseHandlerType CREATE_PLAYER
com.riotapps.wordbase.utils.Enums$ResponseHandlerType: com.riotapps.wordbase.utils.Enums$ResponseHandlerType UPDATE_PLAYER
com.riotapps.wordbase.utils.Enums$ResponseHandlerType: com.riotapps.wordbase.utils.Enums$ResponseHandlerType CREATE_GAME
com.riotapps.wordbase.utils.Enums$ResponseHandlerType: com.riotapps.wordbase.utils.Enums$ResponseHandlerType GET_PLAYER
com.riotapps.wordbase.utils.Enums$ResponseHandlerType: com.riotapps.wordbase.utils.Enums$ResponseHandlerType GET_GAME
com.riotapps.wordbase.utils.Enums$ResponseHandlerType: com.riotapps.wordbase.utils.Enums$ResponseHandlerType FIND_PLAYER_BY_NICKNAME
com.riotapps.wordbase.utils.Enums$ResponseHandlerType: com.riotapps.wordbase.utils.Enums$ResponseHandlerType[] values()
com.riotapps.wordbase.utils.Enums$ResponseHandlerType: com.riotapps.wordbase.utils.Enums$ResponseHandlerType valueOf(java.lang.String)
com.riotapps.wordbase.utils.FileUtils
com.riotapps.wordbase.utils.FileUtils: FileUtils()
com.riotapps.wordbase.utils.FileUtils: java.lang.String ReadRawTextFile(android.content.Context,int)
com.riotapps.wordbase.utils.IOHelper
com.riotapps.wordbase.utils.IOHelper: IOHelper()
com.riotapps.wordbase.utils.IOHelper: java.lang.String streamToString(java.io.InputStream)
com.riotapps.wordbase.utils.ImageCache
com.riotapps.wordbase.utils.ImageCache: ImageCache(android.content.Context,com.riotapps.wordbase.utils.ImageCache$ImageCacheParams)
com.riotapps.wordbase.utils.ImageCache: ImageCache(android.content.Context,java.lang.String)
com.riotapps.wordbase.utils.ImageCache: com.riotapps.wordbase.utils.ImageCache findOrCreateCache(android.support.v4.app.FragmentActivity,java.lang.String)
com.riotapps.wordbase.utils.ImageCache: com.riotapps.wordbase.utils.ImageCache findOrCreateCache(android.support.v4.app.FragmentActivity,com.riotapps.wordbase.utils.ImageCache$ImageCacheParams)
com.riotapps.wordbase.utils.ImageCache: void addBitmapToCache(java.lang.String,android.graphics.Bitmap)
com.riotapps.wordbase.utils.ImageCache: android.graphics.Bitmap getBitmapFromMemCache(java.lang.String)
com.riotapps.wordbase.utils.ImageCache: android.graphics.Bitmap getBitmapFromDiskCache(java.lang.String)
com.riotapps.wordbase.utils.ImageCache: void clearCaches()
com.riotapps.wordbase.utils.ImageCache$ImageCacheParams
com.riotapps.wordbase.utils.ImageCache$ImageCacheParams: java.lang.String uniqueName
com.riotapps.wordbase.utils.ImageCache$ImageCacheParams: int memCacheSize
com.riotapps.wordbase.utils.ImageCache$ImageCacheParams: int diskCacheSize
com.riotapps.wordbase.utils.ImageCache$ImageCacheParams: android.graphics.Bitmap$CompressFormat compressFormat
com.riotapps.wordbase.utils.ImageCache$ImageCacheParams: int compressQuality
com.riotapps.wordbase.utils.ImageCache$ImageCacheParams: boolean memoryCacheEnabled
com.riotapps.wordbase.utils.ImageCache$ImageCacheParams: boolean diskCacheEnabled
com.riotapps.wordbase.utils.ImageCache$ImageCacheParams: boolean clearDiskCacheOnStart
com.riotapps.wordbase.utils.ImageCache$ImageCacheParams: ImageCache$ImageCacheParams(java.lang.String)
com.riotapps.wordbase.utils.ImageFetcher
com.riotapps.wordbase.utils.ImageFetcher: java.lang.String HTTP_CACHE_DIR
com.riotapps.wordbase.utils.ImageFetcher: int mImageWidth
com.riotapps.wordbase.utils.ImageFetcher: int cornerRadius
com.riotapps.wordbase.utils.ImageFetcher: ImageFetcher(android.content.Context,int,int,int)
com.riotapps.wordbase.utils.ImageFetcher: ImageFetcher(android.content.Context,int)
com.riotapps.wordbase.utils.ImageFetcher: android.graphics.Bitmap processBitmap(java.lang.Object)
com.riotapps.wordbase.utils.ImageFetcher: java.io.File downloadBitmap(android.content.Context,java.lang.String)