proguard/mapping.txt
com.riotapps.words.About -> com.riotapps.words.About:
    18:20:void onCreate(android.os.Bundle) -> onCreate
    24:47:void loadViews() -> loadViews
    53:61:void onClick(android.view.View) -> onClick
    66:84:void setupFonts() -> setupFonts
com.riotapps.words.BuildConfig -> com.riotapps.words.BuildConfig:
    boolean DEBUG -> DEBUG
com.riotapps.words.CompletedGames -> com.riotapps.words.CompletedGames:
    10:11:void onCreate(android.os.Bundle) -> onCreate
com.riotapps.words.FullRules -> com.riotapps.words.FullRules:
    10:11:void onCreate(android.os.Bundle) -> onCreate
com.riotapps.words.GameHistory -> com.riotapps.words.GameHistory:
    10:11:void onCreate(android.os.Bundle) -> onCreate
com.riotapps.words.GameLookup -> com.riotapps.words.GameLookup:
    10:11:void onCreate(android.os.Bundle) -> onCreate
com.riotapps.words.GameSurface -> com.riotapps.words.GameSurface:
    10:11:void onCreate(android.os.Bundle) -> onCreate
com.riotapps.words.Main -> com.riotapps.words.Main:
    10:11:void onCreate(android.os.Bundle) -> onCreate
com.riotapps.words.R -> com.riotapps.words.R:
com.riotapps.words.R$array -> com.riotapps.words.R$array:
    int alphabet_consonants -> alphabet_consonants
    int alphabet_spread -> alphabet_spread
    int alphabet_vowels -> alphabet_vowels
com.riotapps.words.R$attr -> com.riotapps.words.R$attr:
    int typeface -> typeface
com.riotapps.words.R$bool -> com.riotapps.words.R$bool:
    int ga_autoActivityTracking -> ga_autoActivityTracking
    int ga_reportUncaughtExceptions -> ga_reportUncaughtExceptions
    int isTablet -> isTablet
com.riotapps.words.R$color -> com.riotapps.words.R$color:
    int alert_background_color -> alert_background_color
    int alert_text_button_color -> alert_text_button_color
    int button_area_background -> button_area_background
    int button_area_background_color -> button_area_background_color
    int button_text_color -> button_text_color
    int button_text_color_off -> button_text_color_off
    int button_text_color_on -> button_text_color_on
    int content_area_background_color -> content_area_background_color
    int content_area_background_pressed_color -> content_area_background_pressed_color
    int content_area_font_color -> content_area_font_color
    int content_font_color -> content_font_color
    int dialog_background_color -> dialog_background_color
    int field_background -> field_background
    int field_button_text_color -> field_button_text_color
    int form_background_color -> form_background_color
    int form_border_color -> form_border_color
    int form_header_background_color -> form_header_background_color
    int form_header_sub_text_color -> form_header_sub_text_color
    int form_header_text_color -> form_header_text_color
    int game_board_board_last_played_tile_letter -> game_board_board_last_played_tile_letter
    int game_board_board_last_played_tile_value -> game_board_board_last_played_tile_value
    int game_board_board_tile_letter -> game_board_board_tile_letter
    int game_board_board_tile_value -> game_board_board_tile_value
...
net.jeremybrooks.knicker.Knicker$ListType -> net.jeremybrooks.knicker.Knicker$ListType:
    net.jeremybrooks.knicker.Knicker$ListType PUBLIC -> PUBLIC
    net.jeremybrooks.knicker.Knicker$ListType PRIVATE -> PRIVATE
    net.jeremybrooks.knicker.Knicker$ListType[] ENUM$VALUES -> a
    1:1:net.jeremybrooks.knicker.Knicker$ListType[] values() -> values
    1:1:net.jeremybrooks.knicker.Knicker$ListType valueOf(java.lang.String) -> valueOf
net.jeremybrooks.knicker.Knicker$PartOfSpeech -> net.jeremybrooks.knicker.Knicker$PartOfSpeech:
    net.jeremybrooks.knicker.Knicker$PartOfSpeech noun -> noun
    net.jeremybrooks.knicker.Knicker$PartOfSpeech verb -> verb
    net.jeremybrooks.knicker.Knicker$PartOfSpeech adjective -> adjective
    net.jeremybrooks.knicker.Knicker$PartOfSpeech adverb -> adverb
    net.jeremybrooks.knicker.Knicker$PartOfSpeech idiom -> idiom
    net.jeremybrooks.knicker.Knicker$PartOfSpeech article -> article
    net.jeremybrooks.knicker.Knicker$PartOfSpeech abbreviation -> abbreviation
    net.jeremybrooks.knicker.Knicker$PartOfSpeech preposition -> preposition
    net.jeremybrooks.knicker.Knicker$PartOfSpeech prefix -> prefix
    net.jeremybrooks.knicker.Knicker$PartOfSpeech interjection -> interjection
    net.jeremybrooks.knicker.Knicker$PartOfSpeech suffix -> suffix
    net.jeremybrooks.knicker.Knicker$PartOfSpeech conjunction -> conjunction
    net.jeremybrooks.knicker.Knicker$PartOfSpeech adjective_and_adverb -> adjective_and_adverb
    net.jeremybrooks.knicker.Knicker$PartOfSpeech noun_and_adjective -> noun_and_adjective
    net.jeremybrooks.knicker.Knicker$PartOfSpeech noun_and_verb_transitive -> noun_and_verb_transitive
    net.jeremybrooks.knicker.Knicker$PartOfSpeech noun_and_verb -> noun_and_verb
    net.jeremybrooks.knicker.Knicker$PartOfSpeech past_participle -> past_participle
    net.jeremybrooks.knicker.Knicker$PartOfSpeech imperative -> imperative
net.jeremybrooks.knicker.Knicker$RelationshipType -> net.jeremybrooks.knicker.Knicker$RelationshipType:
    net.jeremybrooks.knicker.Knicker$RelationshipType synonym -> synonym
    net.jeremybrooks.knicker.Knicker$RelationshipType antonym -> antonym
    net.jeremybrooks.knicker.Knicker$RelationshipType equivalent -> equivalent
    net.jeremybrooks.knicker.Knicker$RelationshipType related_word -> related_word
    net.jeremybrooks.knicker.Knicker$RelationshipType rhyme -> rhyme
    net.jeremybrooks.knicker.Knicker$RelationshipType etymologically_related_term -> etymologically_related_term
    net.jeremybrooks.knicker.Knicker$RelationshipType form -> form
    net.jeremybrooks.knicker.Knicker$RelationshipType hypernym -> hypernym
    net.jeremybrooks.knicker.Knicker$RelationshipType inflected_form -> inflected_form
    net.jeremybrooks.knicker.Knicker$RelationshipType primary -> primary
    net.jeremybrooks.knicker.Knicker$RelationshipType hyponym -> hyponym
    net.jeremybrooks.knicker.Knicker$RelationshipType variant -> variant
    net.jeremybrooks.knicker.Knicker$RelationshipType verb_stem -> verb_stem
    net.jeremybrooks.knicker.Knicker$RelationshipType verb_form -> verb_form
    net.jeremybrooks.knicker.Knicker$RelationshipType cross_reference -> cross_reference
    net.jeremybrooks.knicker.Knicker$RelationshipType same_context -> same_context
    net.jeremybrooks.knicker.Knicker$RelationshipType[] ENUM$VALUES -> a
net.jeremybrooks.knicker.Knicker$SortBy -> net.jeremybrooks.knicker.Knicker$SortBy:
    net.jeremybrooks.knicker.Knicker$SortBy alpha -> alpha
    net.jeremybrooks.knicker.Knicker$SortBy count -> count
    net.jeremybrooks.knicker.Knicker$SortBy[] ENUM$VALUES -> a
    1:1:net.jeremybrooks.knicker.Knicker$SortBy[] values() -> values
    1:1:net.jeremybrooks.knicker.Knicker$SortBy valueOf(java.lang.String) -> valueOf