proguard/usage.txt
android.support.v4.app.LoaderManagerImpl:
    static final java.lang.String TAG
    boolean mRetainingStarted
android.support.v4.app.NavUtils:
    private static final java.lang.String TAG
android.support.v4.app.NavUtilsJB:
    23:23:NavUtilsJB()
android.support.v4.app.NotificationCompatHoneycomb:
    25:25:NotificationCompatHoneycomb()
android.support.v4.app.NotificationCompatIceCreamSandwich:
    25:25:NotificationCompatIceCreamSandwich()
android.support.v4.app.ShareCompat$IntentReader:
    private static final java.lang.String TAG
android.support.v4.app.ShareCompatICS:
    private static final java.lang.String HISTORY_FILENAME_PREFIX
    25:25:ShareCompatICS()
android.support.v4.app.ShareCompatJB:
    21:21:ShareCompatJB()
android.support.v4.app.TaskStackBuilder:
    private static final java.lang.String TAG
android.support.v4.app.TaskStackBuilder$TaskStackBuilderImplJellybean
android.support.v4.app.TaskStackBuilderJellybean
android.support.v4.content.AsyncTaskLoader:
    static final java.lang.String TAG
    static final boolean DEBUG
android.support.v4.content.ContextCompatHoneycomb:
    25:25:ContextCompatHoneycomb()
android.support.v4.content.ContextCompatJellybean:
    23:23:ContextCompatJellybean()
android.support.v4.content.LocalBroadcastManager:
    private static final java.lang.String TAG
    private static final boolean DEBUG
    static final int MSG_EXEC_PENDING_BROADCASTS
android.support.v4.content.ModernAsyncTask:
    private static final java.lang.String LOG_TAG
    private static final int CORE_POOL_SIZE
    private static final int MAXIMUM_POOL_SIZE
    private static final int KEEP_ALIVE
    private static final int MESSAGE_POST_RESULT
    private static final int MESSAGE_POST_PROGRESS
    106:107:public static void init()
    111:112:public static void setDefaultExecutor(java.util.concurrent.Executor)
    169:169:public final android.support.v4.content.ModernAsyncTask$Status getStatus()
    321:321:public final java.lang.Object get()
    341:341:public final java.lang.Object get(long,java.util.concurrent.TimeUnit)
    371:371:public final varargs android.support.v4.content.ModernAsyncTask execute(java.lang.Object[])
    433:434:public static void execute(java.lang.Runnable)
    451:455:protected final varargs void publishProgress(java.lang.Object[])
android.support.v4.net.ConnectivityManagerCompatGingerbread:
    33:33:ConnectivityManagerCompatGingerbread()
android.support.v4.net.ConnectivityManagerCompatHoneycombMR2:
    35:35:ConnectivityManagerCompatHoneycombMR2()
android.support.v4.net.ConnectivityManagerCompatJellyBean:
    24:24:ConnectivityManagerCompatJellyBean()
android.support.v4.os.ParcelableCompatCreatorHoneycombMR2Stub:
    22:22:ParcelableCompatCreatorHoneycombMR2Stub()
android.support.v4.util.TimeUtils:
    private static final int SECONDS_PER_MINUTE
    private static final int SECONDS_PER_HOUR
    private static final int SECONDS_PER_DAY
android.support.v4.view.AccessibilityDelegateCompatIcs:
    28:30:AccessibilityDelegateCompatIcs()
android.support.v4.view.AccessibilityDelegateCompatJellyBean:
    30:32:AccessibilityDelegateCompatJellyBean()
android.support.v4.view.AccessibilityDelegateCompatJellyBean$1:
    87:87:public android.view.accessibility.AccessibilityNodeProvider getAccessibilityNodeProvider(android.view.View)
    92:92:public boolean performAccessibilityAction(android.view.View,int,android.os.Bundle)
android.support.v4.view.KeyEventCompat$BaseKeyEventVersionImpl:
    private static final int META_MODIFIER_MASK
    private static final int META_ALL_MASK
android.support.v4.view.KeyEventCompatHoneycomb:
    24:24:KeyEventCompatHoneycomb()
android.support.v4.view.MenuItemCompatHoneycomb:
    25:25:MenuItemCompatHoneycomb()
android.support.v4.view.MotionEventCompatEclair:
    24:24:MotionEventCompatEclair()